Log file created on Wed Oct 10 18:33:23 MDT 2018
IMPORTANT:
Because updating this file after every log message would kill
performance, it will be *incomplete* unless you invoke the
Utilities->Troubleshooting->Update Activity Log on Disk command!
6:33:18 PM [main] [message] Log: When reporting bugs, please include the following information:
6:33:18 PM [main] [message] Log: java.version=1.8.0_161
6:33:18 PM [main] [message] Log: java.vm.version=25.161-b12
6:33:18 PM [main] [message] Log: java.vm.name=Java HotSpot(TM) 64-Bit Server VM
6:33:18 PM [main] [message] Log: java.runtime.version=1.8.0_161-b12
6:33:18 PM [main] [message] Log: java.runtime.name=Java(TM) SE Runtime Environment
6:33:18 PM [main] [message] Log: java.vendor=Oracle Corporation
6:33:18 PM [main] [message] Log: java.compiler=null
6:33:18 PM [main] [message] Log: os.name=Mac OS X
6:33:18 PM [main] [message] Log: os.version=10.13.6
6:33:18 PM [main] [message] Log: os.arch=x86_64
6:33:18 PM [main] [message] Log: user.home=/Users/jguevara
6:33:18 PM [main] [message] Log: java.home=/Library/Java/JavaVirtualMachines/jdk1.8.0_161.jdk/Contents/Home/jre
6:33:18 PM [main] [message] Log: java.class.path=/Users/jguevara/CS-471/assignments/HW3/jEdit/build/jedit.jar
6:33:18 PM [main] [message] jEdit: starting with command line arguments: -settings=/Users/jguevara/CS-471/assignments/HW3/jEdit/build/settings
6:33:18 PM [main] [debug] jEdit: before splash screen activation:46 ms
6:33:23 PM [main] [debug] jEdit: after splash screen activation:4775 ms
6:33:23 PM [main] [debug] MiscUtilities: Saving backup of file "/Users/jguevara/CS-471/assignments/HW3/jEdit/build/settings/activity.log" to "/Users/jguevara/CS-471/assignments/HW3/jEdit/build/settings/settings-backup/activity.log~1~"
6:33:23 PM [main] [notice] jEdit: jEdit version 5.4.0
6:33:23 PM [main] [message] jEdit: Settings directory is /Users/jguevara/CS-471/assignments/HW3/jEdit/build/settings
6:33:23 PM [main] [message] jEdit: jEdit home directory is /Users/jguevara/CS-471/assignments/HW3/jEdit/build
6:33:23 PM [main] [debug] SplashScreen: init:46/4490ms
6:33:23 PM [main] [debug] SplashScreen: init system properties:41/4531ms
6:33:23 PM [main] [message] BeanShell: Beanshell Init
6:33:23 PM [main] [debug] SplashScreen: init beanshell:107/4638ms
6:33:23 PM [main] [debug] SplashScreen: loading site properties:4/4642ms
6:33:23 PM [main] [debug] SplashScreen: loading user properties:11/4653ms
6:33:23 PM [main] [debug] GUIUtilities: Icon theme set to: tango
6:33:23 PM [main] [debug] GUIUtilities: Loading icon theme from: jeditresource:/org/gjt/sp/jedit/icons/themes/tango/
6:33:23 PM [main] [debug] SplashScreen: init GUI:11/4664ms
6:33:23 PM [main] [debug] EditServer: jEdit server started on port 58641
6:33:23 PM [main] [debug] EditServer: Authorization key is 45146134
6:33:23 PM [main] [debug] SplashScreen: init server:58/4722ms
6:33:23 PM [main] [debug] jEdit: initPLAF non-edt old=com.apple.laf.AquaLookAndFeel requested=null new=com.apple.laf.AquaLookAndFeel
6:33:23 PM [main] [debug] SplashScreen: init look and feel:5/4727ms
6:33:23 PM [main] [debug] SplashScreen: init VFS Manager:2/4729ms
6:33:23 PM [main] [debug] ActionSet: Loading actions from jar:file:/Users/jguevara/CS-471/assignments/HW3/jEdit/build/jedit.jar!/org/gjt/sp/jedit/actions.xml
6:33:23 PM [main] [debug] DockableWindowManager: Loading dockables from jar:file:/Users/jguevara/CS-471/assignments/HW3/jEdit/build/jedit.jar!/org/gjt/sp/jedit/dockables.xml
6:33:23 PM [main] [debug] SplashScreen: init resources:84/4813ms
6:33:23 PM [AWT-EventQueue-0] [debug] EditBus: SearchSettingsChanged[source=null]
6:33:23 PM [main] [debug] SplashScreen: Migrate keymaps:44/4857ms
6:33:23 PM [main] [notice] jEdit: Loading plugins from /Users/jguevara/CS-471/assignments/HW3/jEdit/build/jars
6:33:23 PM [AWT-EventQueue-0] [debug] EditBus: PluginUpdate[what=LOADED,exit=false,version=1.3,source=/Users/jguevara/CS-471/assignments/HW3/jEdit/build/jars/MacOSX.jar,class=macosx.MacOSXPlugin]
6:33:23 PM [AWT-EventQueue-0] [debug] EditBus: PluginUpdate[what=LOADED,exit=false,version=5.0,source=/Users/jguevara/CS-471/assignments/HW3/jEdit/build/jars/QuickNotepad.jar,class=QuickNotepadPlugin]
6:33:23 PM [main] [notice] jEdit: Loading plugins from /Users/jguevara/CS-471/assignments/HW3/jEdit/build/settings/jars
6:33:23 PM [main] [debug] SplashScreen: init plugins:13/4870ms
6:33:23 PM [main] [message] HistoryModel: Loading history
6:33:23 PM [main] [debug] SplashScreen: init history model:5/4875ms
6:33:23 PM [main] [message] BufferHistory: Loading /Users/jguevara/CS-471/assignments/HW3/jEdit/build/settings/recent.xml
6:33:23 PM [main] [debug] SplashScreen: init buffer history:7/4882ms
6:33:23 PM [main] [message] KillRing: Loading /Users/jguevara/CS-471/assignments/HW3/jEdit/build/settings/killring.xml
6:33:23 PM [main] [debug] SplashScreen: init killring:9/4891ms
6:33:23 PM [main] [debug] jEdit: initPLAF non-edt old=com.apple.laf.AquaLookAndFeel requested=null new=com.apple.laf.AquaLookAndFeel
6:33:23 PM [main] [debug] jEdit: SOCKS proxy disabled
6:33:23 PM [main] [debug] jEdit: HTTP proxy disabled
6:33:23 PM [AWT-EventQueue-0] [debug] EditBus: PropertiesChanged[source=null]
6:33:23 PM [main] [debug] SplashScreen: init various properties:87/4978ms
6:33:23 PM [main] [message] jEdit: Loading mode catalog file /Users/jguevara/CS-471/assignments/HW3/jEdit/build/modes/catalog
6:33:23 PM [main] [message] jEdit: Loading mode catalog file /Users/jguevara/CS-471/assignments/HW3/jEdit/build/settings/modes/catalog
6:33:23 PM [main] [debug] SplashScreen: init modes:55/5033ms
6:33:23 PM [main] [debug] PluginJAR: Activating macosx.MacOSXPlugin because of startup
6:33:23 PM [main] [debug] PluginJAR: Opening /Users/jguevara/CS-471/assignments/HW3/jEdit/build/jars/MacOSX.jar
6:33:23 PM [main] [debug] SplashScreen: activate plugins:10/5043ms
6:33:23 PM [AWT-EventQueue-0] [debug] EditBus: PluginUpdate[what=ACTIVATED,exit=false,version=1.3,source=/Users/jguevara/CS-471/assignments/HW3/jEdit/build/jars/MacOSX.jar,class=macosx.MacOSXPlugin]
6:33:23 PM [main] [debug] Macros: Registered beanshell macro handler
6:33:23 PM [AWT-EventQueue-0] [debug] EditBus: DynamicMenuChanged[menu=macros,source=null]
6:33:23 PM [main] [message] BeanShell: Running script /Users/jguevara/CS-471/assignments/HW3/jEdit/build/startup/startup.bsh
6:33:23 PM [main] [notice] jEdit$5: Loading edit mode /Users/jguevara/CS-471/assignments/HW3/jEdit/build/modes/text.xml
6:33:23 PM [main] [debug] String: BeanShell interpreter version 2.0b4-jedit
6:33:24 PM [main] [debug] SplashScreen: init macros:155/5198ms
6:33:24 PM [main] [debug] SplashScreen: run startup scripts:1/5199ms
6:33:24 PM [main] [debug] SplashScreen: run startup scripts:2/5200ms
6:33:24 PM [main] [debug] jEdit: main done:5556 ms
6:33:24 PM [AWT-EventQueue-0] [message] PerspectiveManager: Loading /Users/jguevara/CS-471/assignments/HW3/jEdit/build/settings/perspective.xml
6:33:24 PM [AWT-EventQueue-0] [debug] EditBus: BufferUpdate[what=PROPERTIES_CHANGED,view=null,source=Untitled-1 (~/)]
6:33:24 PM [AWT-EventQueue-0] [debug] EditBus: BufferUpdate[what=CREATED,view=null,source=Untitled-1 (~/)]
6:33:24 PM [AWT-EventQueue-0] [debug] EditBus: BufferUpdate[what=LOAD_STARTED,view=null,source=Untitled-1 (~/)]
6:33:24 PM [AWT-EventQueue-0] [debug] EditBus: BufferUpdate[what=LOADED,view=null,source=Untitled-1 (~/)]
6:33:24 PM [AWT-EventQueue-0] [debug] BufferSet: 514689056: addBufferSetListener org.gjt.sp.jedit.EditPane[inactive]
6:33:24 PM [AWT-EventQueue-0] [debug] EditBus: BufferChanging[what=BUFFER_CHANGING,source=org.gjt.sp.jedit.EditPane[inactive]]
6:33:24 PM [AWT-EventQueue-0] [debug] BufferSet: 514689056 addBufferAt(Untitled-1 (~/),-1)
6:33:24 PM [AWT-EventQueue-0] [debug] BufferSet: 514689056: Buffer added Untitled-1 (~/) at 0
6:33:24 PM [AWT-EventQueue-0] [debug] EditBus: EditPaneUpdate[what=CREATED,source=org.gjt.sp.jedit.EditPane[inactive]]
6:33:24 PM [AWT-EventQueue-0] [debug] BufferSet: 514689056 addBufferAt(Untitled-1 (~/),0)
6:33:24 PM [AWT-EventQueue-0] [debug] EditBus: ViewUpdate[what=CREATED,source=org.gjt.sp.jedit.View[active]]
6:33:24 PM [AWT-EventQueue-0] [debug] EditBus: EditorStarted[source=null]
6:33:24 PM [AWT-EventQueue-0] [message] jEdit: Startup complete: 6131 ms
6:33:24 PM [AWT-EventQueue-0] [debug] EditBus: ViewUpdate[what=VIEW_ACTIVATED,source=org.gjt.sp.jedit.View[active]]
6:33:24 PM [AWT-EventQueue-0] [debug] jEdit: checkBufferStatus for all buffers
6:33:24 PM [AWT-EventQueue-0] [debug] JEditTextArea: InputMethodSupport is activated
6:33:53 PM [AWT-EventQueue-0] [debug] MiscUtilities: Saving backup of file "/Users/jguevara/CS-471/assignments/HW3/jEdit/build/settings/perspective.xml" to "/Users/jguevara/CS-471/assignments/HW3/jEdit/build/settings/settings-backup/perspective.xml~1~"
6:34:18 PM [AWT-EventQueue-0] [debug] EditBus: BufferUpdate[what=DIRTY_CHANGED,view=null,source=Untitled-1 (~/)]
6:34:20 PM [AWT-EventQueue-0] [debug] EditBus: PositionChanging[what=POSITION_CHANGING,source=org.gjt.sp.jedit.EditPane[active]]
6:34:32 PM [AWT-EventQueue-0] [debug] EditBus: ViewUpdate[what=VIEW_ACTIVATED,source=org.gjt.sp.jedit.View[active]]
6:34:32 PM [AWT-EventQueue-0] [debug] jEdit: checkBufferStatus for all buffers
6:34:33 PM [AWT-EventQueue-0] [debug] EditBus: EditorExitRequested[source=org.gjt.sp.jedit.View[active]]
6:34:33 PM [AWT-EventQueue-0] [message] PerspectiveManager: Saving /Users/jguevara/CS-471/assignments/HW3/jEdit/build/settings/perspective.xml
6:34:33 PM [AWT-EventQueue-0] [debug] MiscUtilities: Saving backup of file "/Users/jguevara/CS-471/assignments/HW3/jEdit/build/settings/perspective.xml" to "/Users/jguevara/CS-471/assignments/HW3/jEdit/build/settings/settings-backup/perspective.xml~1~"
6:34:34 PM [AWT-EventQueue-0] [debug] EditBus: BufferUpdate[what=CLOSING,view=org.gjt.sp.jedit.View[active],source=Untitled-1 (~/)]
6:34:34 PM [AWT-EventQueue-0] [debug] BufferSet: 514689056: Buffer removed Untitled-1 (~/)
6:34:34 PM [AWT-EventQueue-0] [debug] EditBus: BufferUpdate[what=PROPERTIES_CHANGED,view=null,source=Untitled-1 (~/)]
6:34:34 PM [AWT-EventQueue-0] [debug] EditBus: BufferUpdate[what=CREATED,view=null,source=Untitled-1 (~/)]
6:34:34 PM [AWT-EventQueue-0] [debug] EditBus: BufferUpdate[what=LOAD_STARTED,view=null,source=Untitled-1 (~/)]
6:34:34 PM [AWT-EventQueue-0] [debug] EditBus: BufferUpdate[what=LOADED,view=null,source=Untitled-1 (~/)]
6:34:34 PM [AWT-EventQueue-0] [debug] BufferSet: 514689056 addBufferAt(Untitled-1 (~/),-1)
6:34:34 PM [AWT-EventQueue-0] [debug] BufferSet: 514689056: Buffer added Untitled-1 (~/) at 0
6:34:34 PM [AWT-EventQueue-0] [debug] EditBus: BufferChanging[what=BUFFER_CHANGING,source=org.gjt.sp.jedit.EditPane[active]]
6:34:34 PM [AWT-EventQueue-0] [debug] EditBus: EditPaneUpdate[what=BUFFER_CHANGED,source=org.gjt.sp.jedit.EditPane[active]]
6:34:34 PM [AWT-EventQueue-0] [debug] EditBus: BufferUpdate[what=CLOSED,view=org.gjt.sp.jedit.View[active],source=Untitled-1 (~/)]
6:34:34 PM [AWT-EventQueue-0] [debug] EditBus: BufferUpdate[what=CLOSING,view=org.gjt.sp.jedit.View[active],source=Untitled-1 (~/)]
6:34:34 PM [AWT-EventQueue-0] [debug] BufferSet: 514689056: Buffer removed Untitled-1 (~/)
6:34:34 PM [AWT-EventQueue-0] [debug] EditBus: BufferUpdate[what=PROPERTIES_CHANGED,view=null,source=Untitled-1 (~/)]
6:34:34 PM [AWT-EventQueue-0] [debug] EditBus: BufferUpdate[what=CREATED,view=null,source=Untitled-1 (~/)]
6:34:34 PM [AWT-EventQueue-0] [debug] EditBus: BufferUpdate[what=LOAD_STARTED,view=null,source=Untitled-1 (~/)]
6:34:34 PM [AWT-EventQueue-0] [debug] EditBus: BufferUpdate[what=LOADED,view=null,source=Untitled-1 (~/)]
6:34:34 PM [AWT-EventQueue-0] [debug] BufferSet: 514689056 addBufferAt(Untitled-1 (~/),-1)
6:34:34 PM [AWT-EventQueue-0] [debug] BufferSet: 514689056: Buffer added Untitled-1 (~/) at 0
6:34:34 PM [AWT-EventQueue-0] [debug] EditBus: BufferChanging[what=BUFFER_CHANGING,source=org.gjt.sp.jedit.EditPane[active]]
6:34:34 PM [AWT-EventQueue-0] [debug] EditBus: EditPaneUpdate[what=BUFFER_CHANGED,source=org.gjt.sp.jedit.EditPane[active]]
6:34:34 PM [AWT-EventQueue-0] [debug] EditBus: BufferUpdate[what=CLOSED,view=org.gjt.sp.jedit.View[active],source=Untitled-1 (~/)]
6:34:34 PM [AWT-EventQueue-0] [debug] EditBus: ViewUpdate[what=CLOSED,source=org.gjt.sp.jedit.View[active]]
6:34:35 PM [AWT-EventQueue-0] [debug] EditBus: EditPaneUpdate[what=DESTROYED,source=org.gjt.sp.jedit.EditPane[active]]
6:34:35 PM [AWT-EventQueue-0] [debug] BufferSet: 514689056: Buffer removed Untitled-1 (~/)
6:34:35 PM [AWT-EventQueue-0] [debug] BufferSetManager: Buffer:Untitled-1 (~/) is in no bufferSet anymore, closing it
6:34:35 PM [AWT-EventQueue-0] [debug] EditBus: BufferUpdate[what=CLOSING,view=null,source=Untitled-1 (~/)]
6:34:35 PM [AWT-EventQueue-0] [debug] EditBus: BufferUpdate[what=CLOSED,view=null,source=Untitled-1 (~/)]
6:34:35 PM [AWT-EventQueue-0] [message] HistoryModel: Saving history
6:34:35 PM [AWT-EventQueue-0] [debug] MiscUtilities: Saving backup of file "/Users/jguevara/CS-471/assignments/HW3/jEdit/build/settings/history" to "/Users/jguevara/CS-471/assignments/HW3/jEdit/build/settings/settings-backup/history~1~"
6:34:35 PM [AWT-EventQueue-0] [message] BufferHistory: Saving /Users/jguevara/CS-471/assignments/HW3/jEdit/build/settings/recent.xml
6:34:35 PM [AWT-EventQueue-0] [debug] MiscUtilities: Saving backup of file "/Users/jguevara/CS-471/assignments/HW3/jEdit/build/settings/recent.xml" to "/Users/jguevara/CS-471/assignments/HW3/jEdit/build/settings/settings-backup/recent.xml~1~"
6:34:35 PM [AWT-EventQueue-0] [message] KillRing: Saving /Users/jguevara/CS-471/assignments/HW3/jEdit/build/settings/killring.xml
6:34:35 PM [AWT-EventQueue-0] [debug] MiscUtilities: Saving backup of file "/Users/jguevara/CS-471/assignments/HW3/jEdit/build/settings/killring.xml" to "/Users/jguevara/CS-471/assignments/HW3/jEdit/build/settings/settings-backup/killring.xml~1~"
6:34:35 PM [AWT-EventQueue-0] [debug] MiscUtilities: Saving backup of file "/Users/jguevara/CS-471/assignments/HW3/jEdit/build/settings/properties" to "/Users/jguevara/CS-471/assignments/HW3/jEdit/build/settings/settings-backup/properties~1~"
6:34:37 PM [AWT-EventQueue-0] [debug] EditBus: EditorExitRequested[source=null]
6:34:37 PM [AWT-EventQueue-0] [debug] EditBus: EditorExiting[source=null]
6:34:37 PM [AWT-EventQueue-0] [debug] EditBus: PluginUpdate[what=DEACTIVATED,exit=true,version=1.3,source=/Users/jguevara/CS-471/assignments/HW3/jEdit/build/jars/MacOSX.jar,class=macosx.MacOSXPlugin]
6:34:37 PM [AWT-EventQueue-0] [debug] EditBus: PluginUpdate[what=UNLOADED,exit=true,version=1.3,source=/Users/jguevara/CS-471/assignments/HW3/jEdit/build/jars/MacOSX.jar,class=macosx.MacOSXPlugin]
6:34:37 PM [AWT-EventQueue-0] [debug] EditBus: PluginUpdate[what=UNLOADED,exit=true,version=5.0,source=/Users/jguevara/CS-471/assignments/HW3/jEdit/build/jars/QuickNotepad.jar,class=QuickNotepadPlugin]
6:34:37 PM [AWT-EventQueue-0] [message] BufferHistory: Saving /Users/jguevara/CS-471/assignments/HW3/jEdit/build/settings/recent.xml
6:34:37 PM [AWT-EventQueue-0] [debug] MiscUtilities: Saving backup of file "/Users/jguevara/CS-471/assignments/HW3/jEdit/build/settings/recent.xml" to "/Users/jguevara/CS-471/assignments/HW3/jEdit/build/settings/settings-backup/recent.xml~1~"
6:34:37 PM [AWT-EventQueue-0] [message] KillRing: Saving /Users/jguevara/CS-471/assignments/HW3/jEdit/build/settings/killring.xml
6:34:37 PM [AWT-EventQueue-0] [debug] MiscUtilities: Saving backup of file "/Users/jguevara/CS-471/assignments/HW3/jEdit/build/settings/killring.xml" to "/Users/jguevara/CS-471/assignments/HW3/jEdit/build/settings/settings-backup/killring.xml~1~"
6:34:37 PM [AWT-EventQueue-0] [debug] MiscUtilities: Saving backup of file "/Users/jguevara/CS-471/assignments/HW3/jEdit/build/settings/properties" to "/Users/jguevara/CS-471/assignments/HW3/jEdit/build/settings/settings-backup/properties~1~"
