Log file created on Thu Oct 11 17:28:14 MDT 2018
IMPORTANT:
Because updating this file after every log message would kill
performance, it will be *incomplete* unless you invoke the
Utilities->Troubleshooting->Update Activity Log on Disk command!
5:28:10 PM [main] [message] Log: When reporting bugs, please include the following information:
5:28:10 PM [main] [message] Log: java.version=1.8.0_161
5:28:10 PM [main] [message] Log: java.vm.version=25.161-b12
5:28:10 PM [main] [message] Log: java.vm.name=Java HotSpot(TM) 64-Bit Server VM
5:28:10 PM [main] [message] Log: java.runtime.version=1.8.0_161-b12
5:28:10 PM [main] [message] Log: java.runtime.name=Java(TM) SE Runtime Environment
5:28:10 PM [main] [message] Log: java.vendor=Oracle Corporation
5:28:10 PM [main] [message] Log: java.compiler=null
5:28:10 PM [main] [message] Log: os.name=Mac OS X
5:28:10 PM [main] [message] Log: os.version=10.13.6
5:28:10 PM [main] [message] Log: os.arch=x86_64
5:28:10 PM [main] [message] Log: user.home=/Users/jguevara
5:28:10 PM [main] [message] Log: java.home=/Library/Java/JavaVirtualMachines/jdk1.8.0_161.jdk/Contents/Home/jre
5:28:10 PM [main] [message] Log: java.class.path=/Users/jguevara/CS-471/assignments/HW3/jEdit/build/jedit.jar
5:28:10 PM [main] [message] jEdit: starting with command line arguments: -settings=/Users/jguevara/CS-471/assignments/HW3/jEdit/build/settings
5:28:10 PM [main] [debug] jEdit: before splash screen activation:67 ms
5:28:14 PM [main] [debug] jEdit: after splash screen activation:4727 ms
5:28:14 PM [main] [debug] MiscUtilities: Saving backup of file "/Users/jguevara/CS-471/assignments/HW3/jEdit/build/settings/activity.log" to "/Users/jguevara/CS-471/assignments/HW3/jEdit/build/settings/settings-backup/activity.log~1~"
5:28:14 PM [main] [notice] jEdit: jEdit version 5.4.0
5:28:14 PM [main] [message] jEdit: Settings directory is /Users/jguevara/CS-471/assignments/HW3/jEdit/build/settings
5:28:14 PM [main] [message] jEdit: jEdit home directory is /Users/jguevara/CS-471/assignments/HW3/jEdit/build
5:28:14 PM [main] [debug] SplashScreen: init:61/4321ms
5:28:14 PM [main] [debug] SplashScreen: init system properties:42/4363ms
5:28:15 PM [main] [message] BeanShell: Beanshell Init
5:28:15 PM [main] [debug] SplashScreen: init beanshell:91/4454ms
5:28:15 PM [main] [debug] SplashScreen: loading site properties:8/4462ms
5:28:15 PM [main] [debug] SplashScreen: loading user properties:5/4467ms
5:28:15 PM [main] [debug] GUIUtilities: Icon theme set to: tango
5:28:15 PM [main] [debug] GUIUtilities: Loading icon theme from: jeditresource:/org/gjt/sp/jedit/icons/themes/tango/
5:28:15 PM [main] [debug] SplashScreen: init GUI:6/4473ms
5:28:15 PM [main] [debug] EditServer: jEdit server started on port 60262
5:28:15 PM [main] [debug] EditServer: Authorization key is 1219072781
5:28:15 PM [main] [debug] SplashScreen: init server:69/4542ms
5:28:15 PM [main] [debug] jEdit: initPLAF non-edt old=com.apple.laf.AquaLookAndFeel requested=null new=com.apple.laf.AquaLookAndFeel
5:28:15 PM [main] [debug] SplashScreen: init look and feel:12/4554ms
5:28:15 PM [main] [debug] SplashScreen: init VFS Manager:3/4557ms
5:28:15 PM [main] [debug] ActionSet: Loading actions from jar:file:/Users/jguevara/CS-471/assignments/HW3/jEdit/build/jedit.jar!/org/gjt/sp/jedit/actions.xml
5:28:15 PM [main] [debug] DockableWindowManager: Loading dockables from jar:file:/Users/jguevara/CS-471/assignments/HW3/jEdit/build/jedit.jar!/org/gjt/sp/jedit/dockables.xml
5:28:15 PM [main] [debug] SplashScreen: init resources:176/4733ms
5:28:15 PM [AWT-EventQueue-0] [debug] EditBus: SearchSettingsChanged[source=null]
5:28:15 PM [main] [debug] SplashScreen: Migrate keymaps:80/4813ms
5:28:15 PM [main] [notice] jEdit: Loading plugins from /Users/jguevara/CS-471/assignments/HW3/jEdit/build/jars
5:28:15 PM [AWT-EventQueue-0] [debug] EditBus: PluginUpdate[what=LOADED,exit=false,version=1.3,source=/Users/jguevara/CS-471/assignments/HW3/jEdit/build/jars/MacOSX.jar,class=macosx.MacOSXPlugin]
5:28:15 PM [AWT-EventQueue-0] [debug] EditBus: PluginUpdate[what=LOADED,exit=false,version=5.0,source=/Users/jguevara/CS-471/assignments/HW3/jEdit/build/jars/QuickNotepad.jar,class=QuickNotepadPlugin]
5:28:15 PM [main] [notice] jEdit: Loading plugins from /Users/jguevara/CS-471/assignments/HW3/jEdit/build/settings/jars
5:28:15 PM [main] [debug] SplashScreen: init plugins:29/4842ms
5:28:15 PM [main] [message] HistoryModel: Loading history
5:28:15 PM [main] [debug] SplashScreen: init history model:6/4848ms
5:28:15 PM [main] [message] BufferHistory: Loading /Users/jguevara/CS-471/assignments/HW3/jEdit/build/settings/recent.xml
5:28:15 PM [main] [debug] SplashScreen: init buffer history:7/4855ms
5:28:15 PM [main] [message] KillRing: Loading /Users/jguevara/CS-471/assignments/HW3/jEdit/build/settings/killring.xml
5:28:15 PM [main] [debug] SplashScreen: init killring:18/4873ms
5:28:15 PM [main] [debug] jEdit: initPLAF non-edt old=com.apple.laf.AquaLookAndFeel requested=null new=com.apple.laf.AquaLookAndFeel
5:28:15 PM [main] [debug] jEdit: SOCKS proxy disabled
5:28:15 PM [main] [debug] jEdit: HTTP proxy disabled
5:28:15 PM [AWT-EventQueue-0] [debug] EditBus: PropertiesChanged[source=null]
5:28:15 PM [main] [debug] SplashScreen: init various properties:107/4980ms
5:28:15 PM [main] [message] jEdit: Loading mode catalog file /Users/jguevara/CS-471/assignments/HW3/jEdit/build/modes/catalog
5:28:15 PM [main] [message] jEdit: Loading mode catalog file /Users/jguevara/CS-471/assignments/HW3/jEdit/build/settings/modes/catalog
5:28:15 PM [main] [debug] SplashScreen: init modes:95/5075ms
5:28:15 PM [main] [debug] PluginJAR: Activating macosx.MacOSXPlugin because of startup
5:28:15 PM [main] [debug] PluginJAR: Opening /Users/jguevara/CS-471/assignments/HW3/jEdit/build/jars/MacOSX.jar
5:28:15 PM [main] [debug] SplashScreen: activate plugins:24/5099ms
5:28:15 PM [AWT-EventQueue-0] [debug] EditBus: PluginUpdate[what=ACTIVATED,exit=false,version=1.3,source=/Users/jguevara/CS-471/assignments/HW3/jEdit/build/jars/MacOSX.jar,class=macosx.MacOSXPlugin]
5:28:15 PM [main] [debug] Macros: Registered beanshell macro handler
5:28:15 PM [AWT-EventQueue-0] [debug] EditBus: DynamicMenuChanged[menu=macros,source=null]
5:28:15 PM [main] [message] BeanShell: Running script /Users/jguevara/CS-471/assignments/HW3/jEdit/build/startup/startup.bsh
5:28:15 PM [main] [notice] jEdit$5: Loading edit mode /Users/jguevara/CS-471/assignments/HW3/jEdit/build/modes/text.xml
5:28:15 PM [main] [debug] String: BeanShell interpreter version 2.0b4-jedit
5:28:15 PM [main] [debug] SplashScreen: init macros:237/5336ms
5:28:15 PM [main] [debug] SplashScreen: run startup scripts:2/5338ms
5:28:15 PM [main] [debug] SplashScreen: run startup scripts:3/5339ms
5:28:15 PM [main] [debug] jEdit: main done:5845 ms
5:28:15 PM [AWT-EventQueue-0] [message] PerspectiveManager: Loading /Users/jguevara/CS-471/assignments/HW3/jEdit/build/settings/perspective.xml
5:28:16 PM [AWT-EventQueue-0] [debug] EditBus: BufferUpdate[what=PROPERTIES_CHANGED,view=null,source=Untitled-1 (~/)]
5:28:16 PM [AWT-EventQueue-0] [debug] EditBus: BufferUpdate[what=CREATED,view=null,source=Untitled-1 (~/)]
5:28:16 PM [AWT-EventQueue-0] [debug] EditBus: BufferUpdate[what=LOAD_STARTED,view=null,source=Untitled-1 (~/)]
5:28:16 PM [AWT-EventQueue-0] [debug] EditBus: BufferUpdate[what=LOADED,view=null,source=Untitled-1 (~/)]
5:28:16 PM [AWT-EventQueue-0] [debug] BufferSet: 1744388822: addBufferSetListener org.gjt.sp.jedit.EditPane[inactive]
5:28:16 PM [AWT-EventQueue-0] [debug] EditBus: BufferChanging[what=BUFFER_CHANGING,source=org.gjt.sp.jedit.EditPane[inactive]]
5:28:16 PM [AWT-EventQueue-0] [debug] BufferSet: 1744388822 addBufferAt(Untitled-1 (~/),-1)
5:28:16 PM [AWT-EventQueue-0] [debug] BufferSet: 1744388822: Buffer added Untitled-1 (~/) at 0
5:28:16 PM [AWT-EventQueue-0] [debug] EditBus: EditPaneUpdate[what=CREATED,source=org.gjt.sp.jedit.EditPane[inactive]]
5:28:16 PM [AWT-EventQueue-0] [debug] BufferSet: 1744388822 addBufferAt(Untitled-1 (~/),0)
5:28:16 PM [AWT-EventQueue-0] [debug] EditBus: ViewUpdate[what=CREATED,source=org.gjt.sp.jedit.View[active]]
5:28:16 PM [AWT-EventQueue-0] [debug] EditBus: EditorStarted[source=null]
5:28:16 PM [AWT-EventQueue-0] [message] jEdit: Startup complete: 6780 ms
5:28:17 PM [AWT-EventQueue-0] [debug] EditBus: ViewUpdate[what=VIEW_ACTIVATED,source=org.gjt.sp.jedit.View[active]]
5:28:17 PM [AWT-EventQueue-0] [debug] jEdit: checkBufferStatus for all buffers
5:28:17 PM [AWT-EventQueue-0] [debug] JEditTextArea: InputMethodSupport is activated
5:28:23 PM [AWT-EventQueue-0] [debug] jEdit: initPLAF edt old=com.apple.laf.AquaLookAndFeel requested=null new=com.apple.laf.AquaLookAndFeel
5:28:24 PM [AWT-EventQueue-0] [debug] jEdit: SOCKS proxy disabled
5:28:24 PM [AWT-EventQueue-0] [debug] jEdit: HTTP proxy disabled
5:28:24 PM [AWT-EventQueue-0] [debug] EditBus: BufferUpdate[what=PROPERTIES_CHANGED,view=null,source=Untitled-1 (~/)]
5:28:24 PM [AWT-EventQueue-0] [debug] EditBus: PropertiesChanged[source=null]
5:28:24 PM [AWT-EventQueue-0] [message] BufferHistory: Saving /Users/jguevara/CS-471/assignments/HW3/jEdit/build/settings/recent.xml
5:28:24 PM [AWT-EventQueue-0] [debug] MiscUtilities: Saving backup of file "/Users/jguevara/CS-471/assignments/HW3/jEdit/build/settings/recent.xml" to "/Users/jguevara/CS-471/assignments/HW3/jEdit/build/settings/settings-backup/recent.xml~1~"
5:28:24 PM [AWT-EventQueue-0] [message] KillRing: Saving /Users/jguevara/CS-471/assignments/HW3/jEdit/build/settings/killring.xml
5:28:24 PM [AWT-EventQueue-0] [debug] MiscUtilities: Saving backup of file "/Users/jguevara/CS-471/assignments/HW3/jEdit/build/settings/killring.xml" to "/Users/jguevara/CS-471/assignments/HW3/jEdit/build/settings/settings-backup/killring.xml~1~"
5:28:24 PM [AWT-EventQueue-0] [debug] MiscUtilities: Saving backup of file "/Users/jguevara/CS-471/assignments/HW3/jEdit/build/settings/properties" to "/Users/jguevara/CS-471/assignments/HW3/jEdit/build/settings/settings-backup/properties~1~"
5:28:24 PM [AWT-EventQueue-0] [debug] EditBus: ViewUpdate[what=VIEW_ACTIVATED,source=org.gjt.sp.jedit.View[active]]
5:28:24 PM [AWT-EventQueue-0] [debug] jEdit: checkBufferStatus for all buffers
5:28:25 PM [AWT-EventQueue-0] [debug] EditBus: BufferUpdate[what=DIRTY_CHANGED,view=null,source=Untitled-1 (~/)]
5:28:27 PM [AWT-EventQueue-0] [debug] EditBus: PositionChanging[what=POSITION_CHANGING,source=org.gjt.sp.jedit.EditPane[active]]
5:28:27 PM [AWT-EventQueue-0] [debug] EditBus: PositionChanging[what=POSITION_CHANGING,source=org.gjt.sp.jedit.EditPane[active]]
5:28:32 PM [AWT-EventQueue-0] [debug] EditBus: PositionChanging[what=POSITION_CHANGING,source=org.gjt.sp.jedit.EditPane[active]]
5:28:35 PM [AWT-EventQueue-0] [debug] EditBus: PositionChanging[what=POSITION_CHANGING,source=org.gjt.sp.jedit.EditPane[active]]
5:28:35 PM [AWT-EventQueue-0] [debug] EditBus: PositionChanging[what=POSITION_CHANGING,source=org.gjt.sp.jedit.EditPane[active]]
5:28:45 PM [AWT-EventQueue-0] [debug] jEdit: initPLAF edt old=com.apple.laf.AquaLookAndFeel requested=null new=com.apple.laf.AquaLookAndFeel
5:28:45 PM [AWT-EventQueue-0] [debug] jEdit: SOCKS proxy disabled
5:28:45 PM [AWT-EventQueue-0] [debug] jEdit: HTTP proxy disabled
5:28:45 PM [AWT-EventQueue-0] [debug] EditBus: BufferUpdate[what=PROPERTIES_CHANGED,view=null,source=Untitled-1 (~/)]
5:28:45 PM [AWT-EventQueue-0] [debug] EditBus: PropertiesChanged[source=null]
5:28:45 PM [AWT-EventQueue-0] [message] HistoryModel: Saving history
5:28:45 PM [AWT-EventQueue-0] [debug] MiscUtilities: Saving backup of file "/Users/jguevara/CS-471/assignments/HW3/jEdit/build/settings/history" to "/Users/jguevara/CS-471/assignments/HW3/jEdit/build/settings/settings-backup/history~1~"
5:28:45 PM [AWT-EventQueue-0] [message] BufferHistory: Saving /Users/jguevara/CS-471/assignments/HW3/jEdit/build/settings/recent.xml
5:28:45 PM [AWT-EventQueue-0] [debug] MiscUtilities: Saving backup of file "/Users/jguevara/CS-471/assignments/HW3/jEdit/build/settings/recent.xml" to "/Users/jguevara/CS-471/assignments/HW3/jEdit/build/settings/settings-backup/recent.xml~1~"
5:28:45 PM [AWT-EventQueue-0] [message] KillRing: Saving /Users/jguevara/CS-471/assignments/HW3/jEdit/build/settings/killring.xml
5:28:45 PM [AWT-EventQueue-0] [debug] MiscUtilities: Saving backup of file "/Users/jguevara/CS-471/assignments/HW3/jEdit/build/settings/killring.xml" to "/Users/jguevara/CS-471/assignments/HW3/jEdit/build/settings/settings-backup/killring.xml~1~"
5:28:45 PM [AWT-EventQueue-0] [debug] MiscUtilities: Saving backup of file "/Users/jguevara/CS-471/assignments/HW3/jEdit/build/settings/properties" to "/Users/jguevara/CS-471/assignments/HW3/jEdit/build/settings/settings-backup/properties~1~"
5:28:45 PM [AWT-EventQueue-0] [debug] EditBus: ViewUpdate[what=VIEW_ACTIVATED,source=org.gjt.sp.jedit.View[active]]
5:28:45 PM [AWT-EventQueue-0] [debug] jEdit: checkBufferStatus for all buffers
5:28:45 PM [AWT-EventQueue-0] [debug] MiscUtilities: Saving backup of file "/Users/jguevara/CS-471/assignments/HW3/jEdit/build/settings/perspective.xml" to "/Users/jguevara/CS-471/assignments/HW3/jEdit/build/settings/settings-backup/perspective.xml~1~"
5:28:48 PM [AWT-EventQueue-0] [debug] EditBus: PositionChanging[what=POSITION_CHANGING,source=org.gjt.sp.jedit.EditPane[active]]
5:28:48 PM [AWT-EventQueue-0] [debug] EditBus: PositionChanging[what=POSITION_CHANGING,source=org.gjt.sp.jedit.EditPane[active]]
5:41:15 PM [AWT-EventQueue-0] [debug] EditBus: EditorExitRequested[source=org.gjt.sp.jedit.View[active]]
5:41:15 PM [AWT-EventQueue-0] [message] PerspectiveManager: Saving /Users/jguevara/CS-471/assignments/HW3/jEdit/build/settings/perspective.xml
5:41:15 PM [AWT-EventQueue-0] [debug] MiscUtilities: Saving backup of file "/Users/jguevara/CS-471/assignments/HW3/jEdit/build/settings/perspective.xml" to "/Users/jguevara/CS-471/assignments/HW3/jEdit/build/settings/settings-backup/perspective.xml~1~"
5:41:16 PM [AWT-EventQueue-0] [debug] EditBus: BufferUpdate[what=CLOSING,view=org.gjt.sp.jedit.View[active],source=Untitled-1 (~/)]
5:41:16 PM [AWT-EventQueue-0] [debug] BufferSet: 1744388822: Buffer removed Untitled-1 (~/)
5:41:16 PM [AWT-EventQueue-0] [debug] EditBus: BufferUpdate[what=PROPERTIES_CHANGED,view=null,source=Untitled-1 (~/)]
5:41:16 PM [AWT-EventQueue-0] [debug] EditBus: BufferUpdate[what=CREATED,view=null,source=Untitled-1 (~/)]
5:41:16 PM [AWT-EventQueue-0] [debug] EditBus: BufferUpdate[what=LOAD_STARTED,view=null,source=Untitled-1 (~/)]
5:41:16 PM [AWT-EventQueue-0] [debug] EditBus: BufferUpdate[what=LOADED,view=null,source=Untitled-1 (~/)]
5:41:16 PM [AWT-EventQueue-0] [debug] BufferSet: 1744388822 addBufferAt(Untitled-1 (~/),-1)
5:41:16 PM [AWT-EventQueue-0] [debug] BufferSet: 1744388822: Buffer added Untitled-1 (~/) at 0
5:41:16 PM [AWT-EventQueue-0] [debug] EditBus: BufferChanging[what=BUFFER_CHANGING,source=org.gjt.sp.jedit.EditPane[active]]
5:41:16 PM [AWT-EventQueue-0] [debug] EditBus: EditPaneUpdate[what=BUFFER_CHANGED,source=org.gjt.sp.jedit.EditPane[active]]
5:41:16 PM [AWT-EventQueue-0] [debug] EditBus: BufferUpdate[what=CLOSED,view=org.gjt.sp.jedit.View[active],source=Untitled-1 (~/)]
5:41:16 PM [AWT-EventQueue-0] [debug] EditBus: EditorExiting[source=null]
5:41:16 PM [AWT-EventQueue-0] [debug] EditBus: ViewUpdate[what=CLOSED,source=org.gjt.sp.jedit.View[active]]
5:41:16 PM [AWT-EventQueue-0] [debug] EditBus: EditPaneUpdate[what=DESTROYED,source=org.gjt.sp.jedit.EditPane[active]]
5:41:16 PM [AWT-EventQueue-0] [debug] BufferSet: 1744388822: Buffer removed Untitled-1 (~/)
5:41:16 PM [AWT-EventQueue-0] [debug] BufferSetManager: Buffer:Untitled-1 (~/) is in no bufferSet anymore, closing it
5:41:16 PM [AWT-EventQueue-0] [debug] EditBus: PluginUpdate[what=DEACTIVATED,exit=true,version=1.3,source=/Users/jguevara/CS-471/assignments/HW3/jEdit/build/jars/MacOSX.jar,class=macosx.MacOSXPlugin]
5:41:16 PM [AWT-EventQueue-0] [debug] EditBus: PluginUpdate[what=UNLOADED,exit=true,version=1.3,source=/Users/jguevara/CS-471/assignments/HW3/jEdit/build/jars/MacOSX.jar,class=macosx.MacOSXPlugin]
5:41:16 PM [AWT-EventQueue-0] [debug] EditBus: PluginUpdate[what=UNLOADED,exit=true,version=5.0,source=/Users/jguevara/CS-471/assignments/HW3/jEdit/build/jars/QuickNotepad.jar,class=QuickNotepadPlugin]
5:41:16 PM [AWT-EventQueue-0] [message] HistoryModel: Saving history
5:41:16 PM [AWT-EventQueue-0] [debug] MiscUtilities: Saving backup of file "/Users/jguevara/CS-471/assignments/HW3/jEdit/build/settings/history" to "/Users/jguevara/CS-471/assignments/HW3/jEdit/build/settings/settings-backup/history~1~"
5:41:16 PM [AWT-EventQueue-0] [message] BufferHistory: Saving /Users/jguevara/CS-471/assignments/HW3/jEdit/build/settings/recent.xml
5:41:16 PM [AWT-EventQueue-0] [debug] MiscUtilities: Saving backup of file "/Users/jguevara/CS-471/assignments/HW3/jEdit/build/settings/recent.xml" to "/Users/jguevara/CS-471/assignments/HW3/jEdit/build/settings/settings-backup/recent.xml~1~"
5:41:16 PM [AWT-EventQueue-0] [message] KillRing: Saving /Users/jguevara/CS-471/assignments/HW3/jEdit/build/settings/killring.xml
5:41:16 PM [AWT-EventQueue-0] [debug] MiscUtilities: Saving backup of file "/Users/jguevara/CS-471/assignments/HW3/jEdit/build/settings/killring.xml" to "/Users/jguevara/CS-471/assignments/HW3/jEdit/build/settings/settings-backup/killring.xml~1~"
5:41:16 PM [AWT-EventQueue-0] [debug] MiscUtilities: Saving backup of file "/Users/jguevara/CS-471/assignments/HW3/jEdit/build/settings/properties" to "/Users/jguevara/CS-471/assignments/HW3/jEdit/build/settings/settings-backup/properties~1~"
